Determining if the pthread_create exist failed with the following output:
Change Dir: /home/grand-challenge/cmake-build-debug-remote-host/CMakeFiles/CMakeTmp

Run Build Command:"/usr/bin/gmake" "cmTC_2c704/fast"
/usr/bin/gmake -f CMakeFiles/cmTC_2c704.dir/build.make CMakeFiles/cmTC_2c704.dir/build
gmake[1]: Entering directory `/home/grand-challenge/cmake-build-debug-remote-host/CMakeFiles/CMakeTmp'
Building C object CMakeFiles/cmTC_2c704.dir/CheckSymbolExists.c.o
/usr/bin/cc    -o CMakeFiles/cmTC_2c704.dir/CheckSymbolExists.c.o   -c /home/grand-challenge/cmake-build-debug-remote-host/CMakeFiles/CMakeTmp/CheckSymbolExists.c
Linking C executable cmTC_2c704
/usr/local/bin/cmake -E cmake_link_script CMakeFiles/cmTC_2c704.dir/link.txt --verbose=1
/usr/bin/cc      -rdynamic CMakeFiles/cmTC_2c704.dir/CheckSymbolExists.c.o  -o cmTC_2c704 
CMakeFiles/cmTC_2c704.dir/CheckSymbolExists.c.o: In function `main':
CheckSymbolExists.c:(.text+0x16): undefined reference to `pthread_create'
collect2: error: ld returned 1 exit status
gmake[1]: *** [cmTC_2c704] Error 1
gmake[1]: Leaving directory `/home/grand-challenge/cmake-build-debug-remote-host/CMakeFiles/CMakeTmp'
gmake: *** [cmTC_2c704/fast] Error 2

File /home/grand-challenge/cmake-build-debug-remote-host/CMakeFiles/CMakeTmp/CheckSymbolExists.c:
/* */
#include <pthread.h>

int main(int argc, char** argv)
{
  (void)argv;
#ifndef pthread_create
  return ((int*)(&pthread_create))[argc];
#else
  (void)argc;
  return 0;
#endif
}

Determining if the function pthread_create exists in the pthreads failed with the following output:
Change Dir: /home/grand-challenge/cmake-build-debug-remote-host/CMakeFiles/CMakeTmp

Run Build Command:"/usr/bin/gmake" "cmTC_d1839/fast"
/usr/bin/gmake -f CMakeFiles/cmTC_d1839.dir/build.make CMakeFiles/cmTC_d1839.dir/build
gmake[1]: Entering directory `/home/grand-challenge/cmake-build-debug-remote-host/CMakeFiles/CMakeTmp'
Building C object CMakeFiles/cmTC_d1839.dir/CheckFunctionExists.c.o
/usr/bin/cc   -DCHECK_FUNCTION_EXISTS=pthread_create   -o CMakeFiles/cmTC_d1839.dir/CheckFunctionExists.c.o   -c /usr/local/share/cmake-3.11/Modules/CheckFunctionExists.c
Linking C executable cmTC_d1839
/usr/local/bin/cmake -E cmake_link_script CMakeFiles/cmTC_d1839.dir/link.txt --verbose=1
/usr/bin/cc  -DCHECK_FUNCTION_EXISTS=pthread_create    -rdynamic CMakeFiles/cmTC_d1839.dir/CheckFunctionExists.c.o  -o cmTC_d1839 -lpthreads 
/usr/bin/ld: cannot find -lpthreads
collect2: error: ld returned 1 exit status
gmake[1]: *** [cmTC_d1839] Error 1
gmake[1]: Leaving directory `/home/grand-challenge/cmake-build-debug-remote-host/CMakeFiles/CMakeTmp'
gmake: *** [cmTC_d1839/fast] Error 2


